Startup Script
Starting attendance_scanner.py
Running Attendance Scanner.
0
Could not connect to GitHub.
Could not connect to GitHub.
Could not connect to GitHub.
Could not connect to GitHub.
Could not connect to GitHub.
Could not connect to GitHub.
Could not connect to GitHub.
Could not connect to GitHub.
Could not connect to GitHub.
Could not connect to GitHub.
Could not connect to GitHub.
Could not connect to GitHub.
Could not connect to GitHub.
Could not connect to GitHub.
Could not connect to GitHub.
Could not connect to GitHub.
Could not connect to GitHub.
Could not connect to GitHub.
Could not connect to GitHub.
Could not connect to GitHub.
Could not connect to GitHub.
Could not connect to GitHub.
Could not connect to GitHub.
Could not connect to GitHub.
