Startup Script
Starting attendance_scanner.py
Running Attendance Scanner.
0
gpg: encrypted with 2048-bit RSA key, ID 5F2D5952674EFCDD, created 2016-09-08
      "Team 3128 (Attendance Scanner) <info@team3128.org>"
gpg: encrypted with 2048-bit RSA key, ID 5F2D5952674EFCDD, created 2016-09-08
      "Team 3128 (Attendance Scanner) <info@team3128.org>"
gpg: encrypted with 2048-bit RSA key, ID 5F2D5952674EFCDD, created 2016-09-08
      "Team 3128 (Attendance Scanner) <info@team3128.org>"
gpg: encrypted with 2048-bit RSA key, ID 5F2D5952674EFCDD, created 2016-09-08
      "Team 3128 (Attendance Scanner) <info@team3128.org>"
gpg: encrypted with 2048-bit RSA key, ID 5F2D5952674EFCDD, created 2016-09-08
      "Team 3128 (Attendance Scanner) <info@team3128.org>"
gpg: encrypted with 2048-bit RSA key, ID 5F2D5952674EFCDD, created 2016-09-08
      "Team 3128 (Attendance Scanner) <info@team3128.org>"
gpg: encrypted with 2048-bit RSA key, ID 5F2D5952674EFCDD, created 2016-09-08
      "Team 3128 (Attendance Scanner) <info@team3128.org>"
gpg: encrypted with 2048-bit RSA key, ID 5F2D5952674EFCDD, created 2016-09-08
      "Team 3128 (Attendance Scanner) <info@team3128.org>"
gpg: encrypted with 2048-bit RSA key, ID 5F2D5952674EFCDD, created 2016-09-08
      "Team 3128 (Attendance Scanner) <info@team3128.org>"
gpg: encrypted with 2048-bit RSA key, ID 5F2D5952674EFCDD, created 2016-09-08
      "Team 3128 (Attendance Scanner) <info@team3128.org>"
gpg: encrypted with 2048-bit RSA key, ID 5F2D5952674EFCDD, created 2016-09-08
      "Team 3128 (Attendance Scanner) <info@team3128.org>"
gpg: encrypted with 2048-bit RSA key, ID 5F2D5952674EFCDD, created 2016-09-08
      "Team 3128 (Attendance Scanner) <info@team3128.org>"
gpg: encrypted with 2048-bit RSA key, ID 5F2D5952674EFCDD, created 2016-09-08
      "Team 3128 (Attendance Scanner) <info@team3128.org>"
gpg: encrypted with 2048-bit RSA key, ID 5F2D5952674EFCDD, created 2016-09-08
      "Team 3128 (Attendance Scanner) <info@team3128.org>"
gpg: encrypted with 2048-bit RSA key, ID 5F2D5952674EFCDD, created 2016-09-08
      "Team 3128 (Attendance Scanner) <info@team3128.org>"
gpg: encrypted with 2048-bit RSA key, ID 5F2D5952674EFCDD, created 2016-09-08
      "Team 3128 (Attendance Scanner) <info@team3128.org>"
gpg: encrypted with 2048-bit RSA key, ID 5F2D5952674EFCDD, created 2016-09-08
      "Team 3128 (Attendance Scanner) <info@team3128.org>"
gpg: encrypted with 2048-bit RSA key, ID 5F2D5952674EFCDD, created 2016-09-08
      "Team 3128 (Attendance Scanner) <info@team3128.org>"
gpg: encrypted with 2048-bit RSA key, ID 5F2D5952674EFCDD, created 2016-09-08
      "Team 3128 (Attendance Scanner) <info@team3128.org>"
gpg: encrypted with 2048-bit RSA key, ID 5F2D5952674EFCDD, created 2016-09-08
      "Team 3128 (Attendance Scanner) <info@team3128.org>"
gpg: encrypted with 2048-bit RSA key, ID 5F2D5952674EFCDD, created 2016-09-08
      "Team 3128 (Attendance Scanner) <info@team3128.org>"
gpg: encrypted with 2048-bit RSA key, ID 5F2D5952674EFCDD, created 2016-09-08
      "Team 3128 (Attendance Scanner) <info@team3128.org>"
gpg: encrypted with 2048-bit RSA key, ID 5F2D5952674EFCDD, created 2016-09-08
      "Team 3128 (Attendance Scanner) <info@team3128.org>"
gpg: encrypted with 2048-bit RSA key, ID 5F2D5952674EFCDD, created 2016-09-08
      "Team 3128 (Attendance Scanner) <info@team3128.org>"
gpg: encrypted with 2048-bit RSA key, ID 5F2D5952674EFCDD, created 2016-09-08
      "Team 3128 (Attendance Scanner) <info@team3128.org>"
gpg: encrypted with 2048-bit RSA key, ID 5F2D5952674EFCDD, created 2016-09-08
      "Team 3128 (Attendance Scanner) <info@team3128.org>"
gpg: encrypted with 2048-bit RSA key, ID 5F2D5952674EFCDD, created 2016-09-08
      "Team 3128 (Attendance Scanner) <info@team3128.org>"
gpg: encrypted with 2048-bit RSA key, ID 5F2D5952674EFCDD, created 2016-09-08
      "Team 3128 (Attendance Scanner) <info@team3128.org>"
gpg: encrypted with 2048-bit RSA key, ID 5F2D5952674EFCDD, created 2016-09-08
      "Team 3128 (Attendance Scanner) <info@team3128.org>"
gpg: encrypted with 2048-bit RSA key, ID 5F2D5952674EFCDD, created 2016-09-08
      "Team 3128 (Attendance Scanner) <info@team3128.org>"
gpg: encrypted with 2048-bit RSA key, ID 5F2D5952674EFCDD, created 2016-09-08
      "Team 3128 (Attendance Scanner) <info@team3128.org>"
gpg: encrypted with 2048-bit RSA key, ID 5F2D5952674EFCDD, created 2016-09-08
      "Team 3128 (Attendance Scanner) <info@team3128.org>"
